{
  "RSpec": {
    "coverage": {
      "/Users/nattapat/Desktop/mytask/app/helpers/application_helper.rb": {
        "lines": [
          1,
          null
        ],
        "branches": {}
      },
      "/Users/nattapat/Desktop/mytask/app/helpers/tasks_helper.rb": {
        "lines": [
          1,
          null
        ],
        "branches": {}
      },
      "/Users/nattapat/Desktop/mytask/app/models/task.rb": {
        "lines": [
          1,
          1,
          1,
          1,
          null,
          1,
          40,
          null,
          null,
          null,
          1,
          6,
          null,
          null,
          null,
          1,
          null,
          1,
          24,
          null,
          20,
          null,
          20,
          1,
          null,
          null,
          null
        ],
        "branches": {
          "[:if, 0, 19, 4, 19, 29]": {
            "[:then, 1, 19, 4, 19, 10]": 4,
            "[:else, 2, 19, 4, 19, 29]": 20
          },
          "[:if, 3, 23, 4, 25, 7]": {
            "[:then, 4, 24, 6, 24, 51]": 1,
            "[:else, 5, 23, 4, 25, 7]": 19
          }
        }
      },
      "/Users/nattapat/Desktop/mytask/app/models/application_record.rb": {
        "lines": [
          1,
          1,
          null
        ],
        "branches": {}
      },
      "/Users/nattapat/Desktop/mytask/app/controllers/tasks_controller.rb": {
        "lines": [
          1,
          1,
          null,
          1,
          1,
          1,
          0,
          1,
          0,
          null,
          1,
          null,
          1,
          null,
          1,
          null,
          null,
          0,
          null,
          null,
          null,
          null,
          null,
          1,
          1,
          null,
          1,
          0,
          0,
          0,
          0,
          0,
          null,
          0,
          null,
          0,
          null,
          0,
          null,
          null,
          0,
          null,
          null,
          null,
          null,
          null,
          1,
          null,
          1,
          0,
          null,
          null,
          1,
          null,
          1,
          0,
          null,
          0,
          0,
          0,
          0,
          null,
          0,
          0,
          null,
          null,
          null,
          null,
          1,
          0,
          0,
          null,
          0,
          0,
          null,
          0,
          null,
          0,
          0,
          null,
          0,
          0,
          null,
          null,
          null,
          null,
          1,
          0,
          0,
          0,
          0,
          null,
          null,
          0,
          null,
          null,
          null,
          1,
          null,
          null,
          null,
          1,
          null,
          1,
          0,
          null,
          null,
          1,
          0,
          null,
          null,
          1,
          null,
          1,
          1,
          null,
          null,
          1,
          null,
          1,
          4,
          null,
          4,
          4,
          4,
          2,
          null,
          4,
          2,
          null,
          null,
          null,
          null,
          1,
          3,
          3,
          null,
          2,
          0,
          null,
          4,
          null,
          2,
          2,
          null,
          2,
          1,
          null,
          null,
          null,
          null,
          1,
          2,
          2,
          4,
          2,
          null,
          null,
          0,
          null,
          null,
          null,
          1,
          null,
          null,
          null,
          1,
          null,
          1,
          7,
          null,
          null,
          1,
          7,
          null,
          null
        ],
        "branches": {
          "[:if, 0, 13, 8, 19, 11]": {
            "[:then, 1, 15, 10, 15, 26]": 1,
            "[:else, 2, 18, 10, 18, 30]": 0
          },
          "[:if, 3, 8, 6, 19, 11]": {
            "[:then, 4, 9, 8, 9, 30]": 0,
            "[:else, 5, 11, 8, 19, 11]": 1
          },
          "[:if, 6, 6, 6, 20, 9]": {
            "[:then, 7, 7, 8, 7, 44]": 0,
            "[:else, 8, 8, 6, 19, 11]": 1
          },
          "[:if, 9, 36, 8, 42, 11]": {
            "[:then, 10, 38, 10, 38, 26]": 0,
            "[:else, 11, 41, 10, 41, 30]": 0
          },
          "[:if, 12, 31, 6, 42, 11]": {
            "[:then, 13, 32, 8, 32, 30]": 0,
            "[:else, 14, 34, 8, 42, 11]": 0
          },
          "[:if, 15, 29, 6, 43, 9]": {
            "[:then, 16, 30, 8, 30, 44]": 0,
            "[:else, 17, 31, 6, 42, 11]": 0
          },
          "[:if, 18, 59, 6, 65, 9]": {
            "[:then, 19, 60, 8, 61, 71]": 0,
            "[:else, 20, 63, 8, 64, 80]": 0
          },
          "[:\"&.\", 21, 73, 11, 73, 48]": {
            "[:then, 22, 73, 11, 73, 48]": 0,
            "[:else, 23, 73, 11, 73, 48]": 0
          },
          "[:if, 24, 73, 8, 77, 11]": {
            "[:then, 25, 74, 10, 74, 48]": 0,
            "[:else, 26, 76, 10, 76, 85]": 0
          },
          "[:if, 27, 71, 6, 83, 9]": {
            "[:then, 28, 73, 8, 79, 66]": 0,
            "[:else, 29, 81, 8, 82, 80]": 0
          },
          "[:if, 30, 88, 4, 95, 7]": {
            "[:then, 31, 89, 6, 92, 9]": 0,
            "[:else, 32, 94, 6, 94, 61]": 0
          },
          "[:if, 33, 124, 6, 130, 9]": {
            "[:then, 34, 125, 8, 126, 71]": 2,
            "[:else, 35, 128, 8, 129, 80]": 2
          },
          "[:\"&.\", 36, 138, 11, 138, 48]": {
            "[:then, 37, 138, 11, 138, 48]": 0,
            "[:else, 38, 138, 11, 138, 48]": 2
          },
          "[:if, 39, 138, 8, 142, 11]": {
            "[:then, 40, 139, 10, 139, 48]": 0,
            "[:else, 41, 141, 10, 141, 85]": 2
          },
          "[:if, 42, 136, 6, 148, 9]": {
            "[:then, 43, 138, 8, 144, 66]": 2,
            "[:else, 44, 146, 8, 147, 80]": 1
          },
          "[:if, 45, 153, 4, 160, 7]": {
            "[:then, 46, 154, 6, 157, 9]": 2,
            "[:else, 47, 159, 6, 159, 61]": 0
          }
        }
      },
      "/Users/nattapat/Desktop/mytask/app/controllers/application_controller.rb": {
        "lines": [
          1,
          null,
          1,
          null
        ],
        "branches": {}
      },
      "/Users/nattapat/Desktop/mytask/app/jobs/application_job.rb": {
        "lines": [
          0,
          null,
          null,
          null,
          null,
          null,
          0
        ],
        "branches": {}
      },
      "/Users/nattapat/Desktop/mytask/app/mailers/application_mailer.rb": {
        "lines": [
          0,
          0,
          0,
          0
        ],
        "branches": {}
      }
    },
    "timestamp": 1748491890
  }
}
