{
  "RSpec": {
    "coverage": {
      "/Users/nattapat/Desktop/mytask/app/helpers/application_helper.rb": {
        "lines": [
          1,
          null
        ],
        "branches": {}
      },
      "/Users/nattapat/Desktop/mytask/app/helpers/tasks_helper.rb": {
        "lines": [
          1,
          null
        ],
        "branches": {}
      },
      "/Users/nattapat/Desktop/mytask/app/models/task.rb": {
        "lines": [
          1,
          1,
          1,
          1,
          null,
          1,
          29,
          null,
          null,
          null,
          1,
          4,
          null,
          null,
          1,
          null,
          1,
          18,
          null,
          15,
          null,
          15,
          1,
          null,
          null,
          null
        ],
        "branches": {
          "[:if, 0, 18, 4, 18, 29]": {
            "[:then, 1, 18, 4, 18, 10]": 3,
            "[:else, 2, 18, 4, 18, 29]": 15
          },
          "[:if, 3, 22, 4, 24, 7]": {
            "[:then, 4, 23, 6, 23, 51]": 1,
            "[:else, 5, 22, 4, 24, 7]": 14
          }
        }
      },
      "/Users/nattapat/Desktop/mytask/app/models/application_record.rb": {
        "lines": [
          1,
          1,
          null
        ],
        "branches": {}
      },
      "/Users/nattapat/Desktop/mytask/app/controllers/tasks_controller.rb": {
        "lines": [
          1,
          1,
          null,
          1,
          1,
          1,
          0,
          1,
          0,
          null,
          1,
          null,
          1,
          null,
          1,
          null,
          null,
          0,
          null,
          null,
          null,
          null,
          null,
          1,
          1,
          null,
          null,
          1,
          4,
          null,
          4,
          4,
          4,
          2,
          null,
          4,
          2,
          null,
          null,
          null,
          null,
          1,
          3,
          3,
          null,
          2,
          0,
          null,
          4,
          null,
          2,
          2,
          null,
          2,
          1,
          null,
          null,
          null,
          null,
          1,
          2,
          2,
          4,
          2,
          null,
          null,
          0,
          null,
          null,
          null,
          1,
          null,
          null,
          null,
          1,
          null,
          1,
          5,
          null,
          null,
          1,
          7,
          null,
          null
        ],
        "branches": {
          "[:if, 0, 13, 8, 19, 11]": {
            "[:then, 1, 15, 10, 15, 26]": 1,
            "[:else, 2, 18, 10, 18, 30]": 0
          },
          "[:if, 3, 8, 6, 19, 11]": {
            "[:then, 4, 9, 8, 9, 30]": 0,
            "[:else, 5, 11, 8, 19, 11]": 1
          },
          "[:if, 6, 6, 6, 20, 9]": {
            "[:then, 7, 7, 8, 7, 44]": 0,
            "[:else, 8, 8, 6, 19, 11]": 1
          },
          "[:if, 9, 32, 6, 38, 9]": {
            "[:then, 10, 33, 8, 34, 76]": 2,
            "[:else, 11, 36, 8, 37, 80]": 2
          },
          "[:\"&.\", 12, 46, 11, 46, 48]": {
            "[:then, 13, 46, 11, 46, 48]": 0,
            "[:else, 14, 46, 11, 46, 48]": 2
          },
          "[:if, 15, 46, 8, 50, 11]": {
            "[:then, 16, 47, 10, 47, 48]": 0,
            "[:else, 17, 49, 10, 49, 90]": 2
          },
          "[:if, 18, 44, 6, 56, 9]": {
            "[:then, 19, 46, 8, 52, 66]": 2,
            "[:else, 20, 54, 8, 55, 80]": 1
          },
          "[:if, 21, 61, 4, 68, 7]": {
            "[:then, 22, 62, 6, 65, 9]": 2,
            "[:else, 23, 67, 6, 67, 61]": 0
          }
        }
      },
      "/Users/nattapat/Desktop/mytask/app/controllers/application_controller.rb": {
        "lines": [
          1,
          null,
          1,
          null
        ],
        "branches": {}
      },
      "/Users/nattapat/Desktop/mytask/app/jobs/application_job.rb": {
        "lines": [
          0,
          null,
          null,
          null,
          null,
          null,
          0
        ],
        "branches": {}
      },
      "/Users/nattapat/Desktop/mytask/app/mailers/application_mailer.rb": {
        "lines": [
          0,
          0,
          0,
          0
        ],
        "branches": {}
      }
    },
    "timestamp": 1748499382
  }
}
